<?xml version="1.0" encoding="UTF-8"?>
<!-- Generated by org.testng.reporters.JUnitReportReporter -->
<testsuite skipped="0" hostname="IND00002CH" name="demo.testcases.TC006NormalSearch" tests="1" failures="0" timestamp="26 Jul 2019 04:41:20 GMT" time="20.896" errors="0">
  <testcase name="addNewUser" time="20.896" classname="demo.testcases.TC006NormalSearch"/>
</testsuite> <!-- demo.testcases.TC006NormalSearch -->
