<?xml version="1.0" encoding="UTF-8"?>
<!-- Generated by org.testng.reporters.JUnitReportReporter -->
<testsuite skipped="0" hostname="IND00002CH" name="demo.testcases.Logout002" tests="1" failures="0" timestamp="17 Jul 2019 05:50:37 GMT" time="13.000" errors="0">
  <testcase name="performLogout" time="13.000" classname="demo.testcases.Logout002"/>
</testsuite> <!-- demo.testcases.Logout002 -->
