<?xml version="1.0" encoding="UTF-8"?>
<!-- Generated by org.testng.reporters.JUnitReportReporter -->
<testsuite skipped="0" hostname="IND00002CH" name="demo.testcases.TC001Login" tests="1" failures="0" timestamp="19 Jul 2019 12:38:16 GMT" time="15.339" errors="0">
  <testcase name="login" time="15.339" classname="demo.testcases.TC001Login"/>
</testsuite> <!-- demo.testcases.TC001Login -->
