<?xml version="1.0" encoding="UTF-8"?>
<!-- Generated by org.testng.reporters.JUnitReportReporter -->
<testsuite skipped="0" hostname="IND00002CH" name="demo.testcases.Login001" tests="1" failures="0" timestamp="17 Jul 2019 05:50:37 GMT" time="13.560" errors="0">
  <testcase name="login" time="13.560" classname="demo.testcases.Login001"/>
</testsuite> <!-- demo.testcases.Login001 -->
