<?xml version="1.0" encoding="UTF-8"?>
<!-- Generated by org.testng.reporters.JUnitReportReporter -->
<testsuite skipped="0" hostname="DESKTOP-8FD2OM8" name="demo.testcases.TC002Logout" tests="1" failures="0" timestamp="25 Jul 2019 00:54:35 GMT" time="37.595" errors="0">
  <testcase name="performLogout" time="37.595" classname="demo.testcases.TC002Logout"/>
</testsuite> <!-- demo.testcases.TC002Logout -->
