<?xml version="1.0" encoding="UTF-8"?>
<!-- Generated by org.testng.reporters.JUnitReportReporter -->
<testsuite skipped="0" hostname="IND00002CH" name="demo.testcases.TC002Logout" tests="1" failures="0" timestamp="26 Jul 2019 05:21:55 GMT" time="14.422" errors="0">
  <testcase name="performLogout" time="14.422" classname="demo.testcases.TC002Logout"/>
</testsuite> <!-- demo.testcases.TC002Logout -->
