<?xml version="1.0" encoding="UTF-8"?>
<!-- Generated by org.testng.reporters.JUnitReportReporter -->
<testsuite skipped="0" hostname="IND00002CH" name="demo.testcases.TC004DeactivateUser" tests="1" failures="0" timestamp="19 Jul 2019 05:39:12 GMT" time="21.612" errors="0">
  <testcase name="addNewUser" time="21.612" classname="demo.testcases.TC004DeactivateUser"/>
</testsuite> <!-- demo.testcases.TC004DeactivateUser -->
